[08Jul2025 00:00:00.643] [Server thread/WARN] [net.minecraft.server.MinecraftServer/]: Can't keep up! Is the server overloaded? Running 2633ms or 52 ticks behind
[08Jul2025 00:00:18.403] [Server thread/WARN] [net.minecraft.server.MinecraftServer/]: Can't keep up! Is the server overloaded? Running 2793ms or 55 ticks behind
[08Jul2025 00:00:35.455] [Server thread/WARN] [net.minecraft.server.MinecraftServer/]: Can't keep up! Is the server overloaded? Running 2095ms or 41 ticks behind
[08Jul2025 00:00:39.402] [Server thread/INFO] [net.minecraft.server.MinecraftServer/]: [Kazuruki: Set own game mode to Spectator Mode]
[08Jul2025 00:00:43.966] [Server thread/INFO] [net.minecraft.server.MinecraftServer/]: [Kazuruki: Set own game mode to Survival Mode]
[08Jul2025 00:00:44.722] [Server thread/WARN] [net.minecraft.server.network.ServerGamePacketListenerImpl/]: Boat (vehicle of Cucholindo) moved too quickly! 0.8123741137744958,0.0,10.170535873977315
[08Jul2025 00:00:44.723] [Server thread/WARN] [net.minecraft.server.network.ServerGamePacketListenerImpl/]: Boat (vehicle of Cucholindo) moved too quickly! 0.7979177393178816,0.0,10.56754075559354
[08Jul2025 00:00:54.616] [Server thread/WARN] [net.minecraft.server.MinecraftServer/]: Can't keep up! Is the server overloaded? Running 2006ms or 40 ticks behind
[08Jul2025 00:01:12.447] [Server thread/WARN] [net.minecraft.server.MinecraftServer/]: Can't keep up! Is the server overloaded? Running 2836ms or 56 ticks behind
[08Jul2025 00:01:21.276] [Server thread/WARN] [net.minecraft.server.network.ServerGamePacketListenerImpl/]: Boat (vehicle of Cucholindo) moved too quickly! 10.084848373523641,0.0,1.424640859197666
[08Jul2025 00:01:21.276] [Server thread/WARN] [net.minecraft.server.network.ServerGamePacketListenerImpl/]: Boat (vehicle of Cucholindo) moved too quickly! 10.374818228127616,0.0,1.4446741137212484
[08Jul2025 00:01:21.277] [Server thread/WARN] [net.minecraft.server.network.ServerGamePacketListenerImpl/]: Boat (vehicle of Cucholindo) moved too quickly! 10.63579109035777,0.0,1.46270404231484
[08Jul2025 00:01:21.277] [Server thread/WARN] [net.minecraft.server.network.ServerGamePacketListenerImpl/]: Boat (vehicle of Cucholindo) moved too quickly! 10.870666660142831,0.0,1.4789309776192567
[08Jul2025 00:01:21.277] [Server thread/WARN] [net.minecraft.server.network.ServerGamePacketListenerImpl/]: Boat (vehicle of Cucholindo) moved too quickly! 11.082054667349517,0.0,1.4935352190063895
[08Jul2025 00:01:21.278] [Server thread/WARN] [net.minecraft.server.network.ServerGamePacketListenerImpl/]: Boat (vehicle of Cucholindo) moved too quickly! 11.272303868795653,0.0,1.5066790359065863
[08Jul2025 00:01:21.278] [Server thread/WARN] [net.minecraft.server.network.ServerGamePacketListenerImpl/]: Boat (vehicle of Cucholindo) moved too quickly! 11.443528145561281,0.0,1.51850847080334
[08Jul2025 00:01:21.278] [Server thread/WARN] [net.minecraft.server.network.ServerGamePacketListenerImpl/]: Boat (vehicle of Cucholindo) moved too quickly! 11.597629990568038,0.0,1.5291549619283842
[08Jul2025 00:01:21.279] [Server thread/WARN] [net.minecraft.server.network.ServerGamePacketListenerImpl/]: Boat (vehicle of Cucholindo) moved too quickly! 11.736321647400047,0.0,1.5387368036871294
[08Jul2025 00:01:21.279] [Server thread/WARN] [net.minecraft.server.network.ServerGamePacketListenerImpl/]: Boat (vehicle of Cucholindo) moved too quickly! 11.861144135242192,0.0,1.547360461041535
[08Jul2025 00:01:21.279] [Server thread/WARN] [net.minecraft.server.network.ServerGamePacketListenerImpl/]: Boat (vehicle of Cucholindo) moved too quickly! 11.973484371324119,0.0,1.555121752454852
[08Jul2025 00:01:21.279] [Server thread/WARN] [net.minecraft.server.network.ServerGamePacketListenerImpl/]: Boat (vehicle of Cucholindo) moved too quickly! 12.074590581119452,0.0,1.5621069145418005
[08Jul2025 00:01:21.280] [Server thread/WARN] [net.minecraft.server.network.ServerGamePacketListenerImpl/]: Boat (vehicle of Cucholindo) moved too quickly! 12.165586167524694,0.0,1.5683935602535257
[08Jul2025 00:01:29.643] [Server thread/WARN] [net.minecraft.server.MinecraftServer/]: Can't keep up! Is the server overloaded? Running 2233ms or 44 ticks behind
[08Jul2025 00:01:48.741] [Server thread/WARN] [net.minecraft.server.MinecraftServer/]: Can't keep up! Is the server overloaded? Running 4131ms or 82 ticks behind
[08Jul2025 00:02:07.099] [Server thread/WARN] [net.minecraft.server.MinecraftServer/]: Can't keep up! Is the server overloaded? Running 3389ms or 67 ticks behind
[08Jul2025 00:02:24.491] [Server thread/WARN] [net.minecraft.server.MinecraftServer/]: Can't keep up! Is the server overloaded? Running 2431ms or 48 ticks behind
[08Jul2025 00:02:24.650] [Server thread/INFO] [net.minecraft.server.MinecraftServer/]: [Kazuruki: Set own game mode to Spectator Mode]
[08Jul2025 00:02:30.390] [Server thread/INFO] [net.minecraft.server.MinecraftServer/]: [Kazuruki: Set own game mode to Survival Mode]
[08Jul2025 00:02:43.528] [Server thread/INFO] [net.minecraft.server.MinecraftServer/]: [Kazuruki: Gave 1 [Iron Pickaxe] to lion_799]
[08Jul2025 00:02:45.678] [Server thread/WARN] [net.minecraft.server.MinecraftServer/]: Can't keep up! Is the server overloaded? Running 2018ms or 40 ticks behind
[08Jul2025 00:02:52.656] [Server thread/INFO] [net.minecraft.server.MinecraftServer/]: [Kazuruki: Applied enchantment Efficiency II to lion_799's item]
[08Jul2025 00:03:02.858] [Server thread/WARN] [net.minecraft.server.MinecraftServer/]: Can't keep up! Is the server overloaded? Running 2198ms or 43 ticks behind
[08Jul2025 00:03:20.111] [Server thread/WARN] [net.minecraft.server.MinecraftServer/]: Can't keep up! Is the server overloaded? Running 2300ms or 46 ticks behind
[08Jul2025 00:03:37.994] [Server thread/WARN] [net.minecraft.server.MinecraftServer/]: Can't keep up! Is the server overloaded? Running 2884ms or 57 ticks behind
[08Jul2025 00:03:40.507] [Worker-Main-27/WARN] [net.minecraft.world.level.levelgen.structure.pools.JigsawPlacement/]: Empty or non-existent pool: dungeons_arise:mechanical_nest/mechanical_nest_decoration
[08Jul2025 00:03:40.605] [Worker-Main-27/WARN] [net.minecraft.world.level.levelgen.structure.pools.JigsawPlacement/]: Empty or non-existent pool: dungeons_arise:mechanical_nest/mechanical_nest_decoration
[08Jul2025 00:03:40.643] [Worker-Main-27/WARN] [net.minecraft.world.level.levelgen.structure.pools.JigsawPlacement/]: Empty or non-existent pool: dungeons_arise:mechanical_nest/mechanical_nest_decoration
[08Jul2025 00:03:40.762] [Worker-Main-27/WARN] [net.minecraft.world.level.levelgen.structure.pools.JigsawPlacement/]: Empty or non-existent pool: dungeons_arise:mechanical_nest/mechanical_nest_decoration
[08Jul2025 00:03:40.806] [Worker-Main-27/WARN] [net.minecraft.world.level.levelgen.structure.pools.JigsawPlacement/]: Empty or non-existent pool: dungeons_arise:mechanical_nest/mechanical_nest_decoration
[08Jul2025 00:03:48.317] [Server thread/INFO] [net.minecraft.server.MinecraftServer/]: [Not Secure] <Cucholindo> 6
[08Jul2025 00:03:56.293] [Server thread/WARN] [net.minecraft.server.MinecraftServer/]: Can't keep up! Is the server overloaded? Running 3333ms or 66 ticks behind
[08Jul2025 00:04:13.817] [Server thread/WARN] [net.minecraft.server.MinecraftServer/]: Can't keep up! Is the server overloaded? Running 2557ms or 51 ticks behind
[08Jul2025 00:04:31.601] [Server thread/WARN] [net.minecraft.server.MinecraftServer/]: Can't keep up! Is the server overloaded? Running 2791ms or 55 ticks behind
[08Jul2025 00:04:49.244] [Server thread/WARN] [net.minecraft.server.MinecraftServer/]: Can't keep up! Is the server overloaded? Running 2684ms or 53 ticks behind
